2025-10-12T11:39:45.942570+00:00 ERROR 'ansible_navigator.actions.collections._parse' /home/rodolfo/ansible/mycollection/ansible_collections/redhat/insights/roles/compliance/meta/argument_specs.yml Failed to find argument_specs.yml for role in redhat.insights.
2025-10-12T11:39:45.946205+00:00 ERROR 'ansible_navigator.actions.collections._parse' /home/rodolfo/ansible/mycollection/ansible_collections/redhat/insights/roles/insights_client/meta/argument_specs.yml Failed to find argument_specs.yml for role in redhat.insights.
2025-10-12T11:39:45.946247+00:00 ERROR 'ansible_navigator.actions.collections._parse' /home/rodolfo/ansible/mycollection/ansible_collections/redhat/rhel_system_roles/roles/cockpit/meta/argument_specs.yml Failed to find argument_specs.yml for role in redhat.rhel_system_roles.
2025-10-12T11:39:45.946263+00:00 ERROR 'ansible_navigator.actions.collections._parse' /home/rodolfo/ansible/mycollection/ansible_collections/redhat/rhel_system_roles/roles/firewall/meta/argument_specs.yml Failed to find argument_specs.yml for role in redhat.rhel_system_roles.
2025-10-12T11:39:45.946274+00:00 ERROR 'ansible_navigator.actions.collections._parse' /home/rodolfo/ansible/mycollection/ansible_collections/redhat/rhel_system_roles/roles/vpn/meta/argument_specs.yml Failed to find argument_specs.yml for role in redhat.rhel_system_roles.
2025-10-12T11:39:45.946294+00:00 ERROR 'ansible_navigator.actions.collections._parse' /home/rodolfo/ansible/mycollection/ansible_collections/redhat/rhel_system_roles/roles/ha_cluster/meta/argument_specs.yml Failed to find argument_specs.yml for role in redhat.rhel_system_roles.
2025-10-12T11:39:45.946306+00:00 ERROR 'ansible_navigator.actions.collections._parse' /home/rodolfo/ansible/mycollection/ansible_collections/redhat/rhel_system_roles/roles/ssh/meta/argument_specs.yml Failed to find argument_specs.yml for role in redhat.rhel_system_roles.
2025-10-12T11:39:45.946315+00:00 ERROR 'ansible_navigator.actions.collections._parse' /home/rodolfo/ansible/mycollection/ansible_collections/redhat/rhel_system_roles/roles/sshd/meta/argument_specs.yml Failed to find argument_specs.yml for role in redhat.rhel_system_roles.
2025-10-12T11:39:45.946322+00:00 ERROR 'ansible_navigator.actions.collections._parse' /home/rodolfo/ansible/mycollection/ansible_collections/redhat/rhel_system_roles/roles/crypto_policies/meta/argument_specs.yml Failed to find argument_specs.yml for role in redhat.rhel_system_roles.
2025-10-12T11:39:45.946331+00:00 ERROR 'ansible_navigator.actions.collections._parse' /home/rodolfo/ansible/mycollection/ansible_collections/redhat/rhel_system_roles/roles/certificate/meta/argument_specs.yml Failed to find argument_specs.yml for role in redhat.rhel_system_roles.
2025-10-12T11:39:45.946338+00:00 ERROR 'ansible_navigator.actions.collections._parse' /home/rodolfo/ansible/mycollection/ansible_collections/redhat/rhel_system_roles/roles/nbde_client/meta/argument_specs.yml Failed to find argument_specs.yml for role in redhat.rhel_system_roles.
2025-10-12T11:39:45.946347+00:00 ERROR 'ansible_navigator.actions.collections._parse' /home/rodolfo/ansible/mycollection/ansible_collections/redhat/rhel_system_roles/roles/nbde_server/meta/argument_specs.yml Failed to find argument_specs.yml for role in redhat.rhel_system_roles.
2025-10-12T11:39:45.946355+00:00 ERROR 'ansible_navigator.actions.collections._parse' /home/rodolfo/ansible/mycollection/ansible_collections/redhat/rhel_system_roles/roles/private_logging_subrole_rsyslog/meta/argument_specs.yml Failed to find argument_specs.yml for role in redhat.rhel_system_roles.
2025-10-12T11:39:45.946363+00:00 ERROR 'ansible_navigator.actions.collections._parse' /home/rodolfo/ansible/mycollection/ansible_collections/redhat/rhel_system_roles/roles/logging/meta/argument_specs.yml Failed to find argument_specs.yml for role in redhat.rhel_system_roles.
2025-10-12T11:39:45.946371+00:00 ERROR 'ansible_navigator.actions.collections._parse' /home/rodolfo/ansible/mycollection/ansible_collections/redhat/rhel_system_roles/roles/kernel_settings/meta/argument_specs.yml Failed to find argument_specs.yml for role in redhat.rhel_system_roles.
2025-10-12T11:39:45.946381+00:00 ERROR 'ansible_navigator.actions.collections._parse' /home/rodolfo/ansible/mycollection/ansible_collections/redhat/rhel_system_roles/roles/tlog/meta/argument_specs.yml Failed to find argument_specs.yml for role in redhat.rhel_system_roles.
2025-10-12T11:39:45.946389+00:00 ERROR 'ansible_navigator.actions.collections._parse' /home/rodolfo/ansible/mycollection/ansible_collections/redhat/rhel_system_roles/roles/private_metrics_subrole_bpftrace/meta/argument_specs.yml Failed to find argument_specs.yml for role in redhat.rhel_system_roles.
2025-10-12T11:39:45.946397+00:00 ERROR 'ansible_navigator.actions.collections._parse' /home/rodolfo/ansible/mycollection/ansible_collections/redhat/rhel_system_roles/roles/private_metrics_subrole_elasticsearch/meta/argument_specs.yml Failed to find argument_specs.yml for role in redhat.rhel_system_roles.
2025-10-12T11:39:45.946404+00:00 ERROR 'ansible_navigator.actions.collections._parse' /home/rodolfo/ansible/mycollection/ansible_collections/redhat/rhel_system_roles/roles/private_metrics_subrole_grafana/meta/argument_specs.yml Failed to find argument_specs.yml for role in redhat.rhel_system_roles.
2025-10-12T11:39:45.946413+00:00 ERROR 'ansible_navigator.actions.collections._parse' /home/rodolfo/ansible/mycollection/ansible_collections/redhat/rhel_system_roles/roles/private_metrics_subrole_mssql/meta/argument_specs.yml Failed to find argument_specs.yml for role in redhat.rhel_system_roles.
2025-10-12T11:39:45.946420+00:00 ERROR 'ansible_navigator.actions.collections._parse' /home/rodolfo/ansible/mycollection/ansible_collections/redhat/rhel_system_roles/roles/private_metrics_subrole_pcp/meta/argument_specs.yml Failed to find argument_specs.yml for role in redhat.rhel_system_roles.
2025-10-12T11:39:45.946428+00:00 ERROR 'ansible_navigator.actions.collections._parse' /home/rodolfo/ansible/mycollection/ansible_collections/redhat/rhel_system_roles/roles/private_metrics_subrole_postfix/meta/argument_specs.yml Failed to find argument_specs.yml for role in redhat.rhel_system_roles.
2025-10-12T11:39:45.946435+00:00 ERROR 'ansible_navigator.actions.collections._parse' /home/rodolfo/ansible/mycollection/ansible_collections/redhat/rhel_system_roles/roles/private_metrics_subrole_redis/meta/argument_specs.yml Failed to find argument_specs.yml for role in redhat.rhel_system_roles.
2025-10-12T11:39:45.946443+00:00 ERROR 'ansible_navigator.actions.collections._parse' /home/rodolfo/ansible/mycollection/ansible_collections/redhat/rhel_system_roles/roles/private_metrics_subrole_repository/meta/argument_specs.yml Failed to find argument_specs.yml for role in redhat.rhel_system_roles.
2025-10-12T11:39:45.946450+00:00 ERROR 'ansible_navigator.actions.collections._parse' /home/rodolfo/ansible/mycollection/ansible_collections/redhat/rhel_system_roles/roles/private_metrics_subrole_spark/meta/argument_specs.yml Failed to find argument_specs.yml for role in redhat.rhel_system_roles.
2025-10-12T11:39:45.946458+00:00 ERROR 'ansible_navigator.actions.collections._parse' /home/rodolfo/ansible/mycollection/ansible_collections/redhat/rhel_system_roles/roles/metrics/meta/argument_specs.yml Failed to find argument_specs.yml for role in redhat.rhel_system_roles.
2025-10-12T11:39:45.946467+00:00 ERROR 'ansible_navigator.actions.collections._parse' /home/rodolfo/ansible/mycollection/ansible_collections/redhat/rhel_system_roles/roles/storage/meta/argument_specs.yml Failed to find argument_specs.yml for role in redhat.rhel_system_roles.
2025-10-12T11:39:45.946476+00:00 ERROR 'ansible_navigator.actions.collections._parse' /home/rodolfo/ansible/mycollection/ansible_collections/redhat/rhel_system_roles/roles/network/meta/argument_specs.yml Failed to find argument_specs.yml for role in redhat.rhel_system_roles.
2025-10-12T11:39:45.946483+00:00 ERROR 'ansible_navigator.actions.collections._parse' /home/rodolfo/ansible/mycollection/ansible_collections/redhat/rhel_system_roles/roles/kdump/meta/argument_specs.yml Failed to find argument_specs.yml for role in redhat.rhel_system_roles.
2025-10-12T11:39:45.946492+00:00 ERROR 'ansible_navigator.actions.collections._parse' /home/rodolfo/ansible/mycollection/ansible_collections/redhat/rhel_system_roles/roles/timesync/meta/argument_specs.yml Failed to find argument_specs.yml for role in redhat.rhel_system_roles.
2025-10-12T11:39:45.946500+00:00 ERROR 'ansible_navigator.actions.collections._parse' /home/rodolfo/ansible/mycollection/ansible_collections/redhat/rhel_system_roles/roles/selinux/meta/argument_specs.yml Failed to find argument_specs.yml for role in redhat.rhel_system_roles.
2025-10-12T11:39:45.946507+00:00 ERROR 'ansible_navigator.actions.collections._parse' /home/rodolfo/ansible/mycollection/ansible_collections/redhat/rhel_system_roles/roles/postfix/meta/argument_specs.yml Failed to find argument_specs.yml for role in redhat.rhel_system_roles.
2025-10-12T11:39:45.946515+00:00 ERROR 'ansible_navigator.actions.collections._parse' /usr/share/ansible/collections/ansible_collections/cloud/terraform/roles/git_plan/meta/main.yml Failed to find main.yml for role in cloud.terraform.
2025-10-12T11:39:45.946523+00:00 ERROR 'ansible_navigator.actions.collections._parse' /usr/share/ansible/collections/ansible_collections/cloud/terraform/roles/inventory_from_outputs/meta/main.yml Failed to find main.yml for role in cloud.terraform.
2025-10-12T11:39:45.946531+00:00 ERROR 'ansible_navigator.actions.collections._parse' /usr/share/ansible/collections/ansible_collections/redhat/insights/roles/compliance/meta/argument_specs.yml Failed to find argument_specs.yml for role in redhat.insights.
2025-10-12T11:39:45.946539+00:00 ERROR 'ansible_navigator.actions.collections._parse' /usr/share/ansible/collections/ansible_collections/redhat/insights/roles/insights_client/meta/argument_specs.yml Failed to find argument_specs.yml for role in redhat.insights.
2025-10-12T11:39:45.946547+00:00 ERROR 'ansible_navigator.actions.collections._parse' /usr/share/ansible/collections/ansible_collections/redhat/redhat_csp_download/roles/redhat_csp_download/meta/argument_specs.yml Failed to find argument_specs.yml for role in redhat.redhat_csp_download.
2025-10-12T11:39:45.946554+00:00 ERROR 'ansible_navigator.actions.collections._parse' /usr/share/ansible/collections/ansible_collections/redhat/redhat_csp_download/roles/redhat_csp_download/meta/main.yml Failed to find main.yml for role in redhat.redhat_csp_download.
2025-10-12T11:39:45.946562+00:00 ERROR 'ansible_navigator.actions.collections._parse' /usr/share/ansible/collections/ansible_collections/redhat/rhel_idm/roles/ipabackup/meta/argument_specs.yml Failed to find argument_specs.yml for role in redhat.rhel_idm.
2025-10-12T11:39:45.946570+00:00 ERROR 'ansible_navigator.actions.collections._parse' /usr/share/ansible/collections/ansible_collections/redhat/rhel_idm/roles/ipaclient/meta/argument_specs.yml Failed to find argument_specs.yml for role in redhat.rhel_idm.
2025-10-12T11:39:45.946577+00:00 ERROR 'ansible_navigator.actions.collections._parse' /usr/share/ansible/collections/ansible_collections/redhat/rhel_idm/roles/ipareplica/meta/argument_specs.yml Failed to find argument_specs.yml for role in redhat.rhel_idm.
2025-10-12T11:39:45.946585+00:00 ERROR 'ansible_navigator.actions.collections._parse' /usr/share/ansible/collections/ansible_collections/redhat/rhel_idm/roles/ipaserver/meta/argument_specs.yml Failed to find argument_specs.yml for role in redhat.rhel_idm.
2025-10-12T11:39:45.946592+00:00 ERROR 'ansible_navigator.actions.collections._parse' /usr/share/ansible/collections/ansible_collections/redhat/rhel_idm/roles/ipasmartcard_client/meta/argument_specs.yml Failed to find argument_specs.yml for role in redhat.rhel_idm.
2025-10-12T11:39:45.946600+00:00 ERROR 'ansible_navigator.actions.collections._parse' /usr/share/ansible/collections/ansible_collections/redhat/rhel_idm/roles/ipasmartcard_server/meta/argument_specs.yml Failed to find argument_specs.yml for role in redhat.rhel_idm.
2025-10-12T11:39:45.946607+00:00 ERROR 'ansible_navigator.actions.collections._parse' /usr/share/ansible/collections/ansible_collections/redhat/rhel_system_roles/roles/ad_integration/meta/argument_specs.yml Failed to find argument_specs.yml for role in redhat.rhel_system_roles.
2025-10-12T11:39:45.946616+00:00 ERROR 'ansible_navigator.actions.collections._parse' /usr/share/ansible/collections/ansible_collections/redhat/rhel_system_roles/roles/aide/meta/argument_specs.yml Failed to find argument_specs.yml for role in redhat.rhel_system_roles.
2025-10-12T11:39:45.946623+00:00 ERROR 'ansible_navigator.actions.collections._parse' /usr/share/ansible/collections/ansible_collections/redhat/rhel_system_roles/roles/bootloader/meta/argument_specs.yml Failed to find argument_specs.yml for role in redhat.rhel_system_roles.
2025-10-12T11:39:45.946630+00:00 ERROR 'ansible_navigator.actions.collections._parse' /usr/share/ansible/collections/ansible_collections/redhat/rhel_system_roles/roles/certificate/meta/argument_specs.yml Failed to find argument_specs.yml for role in redhat.rhel_system_roles.
2025-10-12T11:39:45.946638+00:00 ERROR 'ansible_navigator.actions.collections._parse' /usr/share/ansible/collections/ansible_collections/redhat/rhel_system_roles/roles/cockpit/meta/argument_specs.yml Failed to find argument_specs.yml for role in redhat.rhel_system_roles.
2025-10-12T11:39:45.946645+00:00 ERROR 'ansible_navigator.actions.collections._parse' /usr/share/ansible/collections/ansible_collections/redhat/rhel_system_roles/roles/crypto_policies/meta/argument_specs.yml Failed to find argument_specs.yml for role in redhat.rhel_system_roles.
2025-10-12T11:39:45.946653+00:00 ERROR 'ansible_navigator.actions.collections._parse' /usr/share/ansible/collections/ansible_collections/redhat/rhel_system_roles/roles/fapolicyd/meta/argument_specs.yml Failed to find argument_specs.yml for role in redhat.rhel_system_roles.
2025-10-12T11:39:45.946660+00:00 ERROR 'ansible_navigator.actions.collections._parse' /usr/share/ansible/collections/ansible_collections/redhat/rhel_system_roles/roles/firewall/meta/argument_specs.yml Failed to find argument_specs.yml for role in redhat.rhel_system_roles.
2025-10-12T11:39:45.946668+00:00 ERROR 'ansible_navigator.actions.collections._parse' /usr/share/ansible/collections/ansible_collections/redhat/rhel_system_roles/roles/ha_cluster/meta/argument_specs.yml Failed to find argument_specs.yml for role in redhat.rhel_system_roles.
2025-10-12T11:39:45.946676+00:00 ERROR 'ansible_navigator.actions.collections._parse' /usr/share/ansible/collections/ansible_collections/redhat/rhel_system_roles/roles/journald/meta/argument_specs.yml Failed to find argument_specs.yml for role in redhat.rhel_system_roles.
2025-10-12T11:39:45.946683+00:00 ERROR 'ansible_navigator.actions.collections._parse' /usr/share/ansible/collections/ansible_collections/redhat/rhel_system_roles/roles/kdump/meta/argument_specs.yml Failed to find argument_specs.yml for role in redhat.rhel_system_roles.
2025-10-12T11:39:45.946691+00:00 ERROR 'ansible_navigator.actions.collections._parse' /usr/share/ansible/collections/ansible_collections/redhat/rhel_system_roles/roles/kernel_settings/meta/argument_specs.yml Failed to find argument_specs.yml for role in redhat.rhel_system_roles.
2025-10-12T11:39:45.946699+00:00 ERROR 'ansible_navigator.actions.collections._parse' /usr/share/ansible/collections/ansible_collections/redhat/rhel_system_roles/roles/keylime_server/meta/argument_specs.yml Failed to find argument_specs.yml for role in redhat.rhel_system_roles.
2025-10-12T11:39:45.946707+00:00 ERROR 'ansible_navigator.actions.collections._parse' /usr/share/ansible/collections/ansible_collections/redhat/rhel_system_roles/roles/logging/meta/argument_specs.yml Failed to find argument_specs.yml for role in redhat.rhel_system_roles.
2025-10-12T11:39:45.946715+00:00 ERROR 'ansible_navigator.actions.collections._parse' /usr/share/ansible/collections/ansible_collections/redhat/rhel_system_roles/roles/metrics/meta/argument_specs.yml Failed to find argument_specs.yml for role in redhat.rhel_system_roles.
2025-10-12T11:39:45.946722+00:00 ERROR 'ansible_navigator.actions.collections._parse' /usr/share/ansible/collections/ansible_collections/redhat/rhel_system_roles/roles/nbde_client/meta/argument_specs.yml Failed to find argument_specs.yml for role in redhat.rhel_system_roles.
2025-10-12T11:39:45.946731+00:00 ERROR 'ansible_navigator.actions.collections._parse' /usr/share/ansible/collections/ansible_collections/redhat/rhel_system_roles/roles/nbde_server/meta/argument_specs.yml Failed to find argument_specs.yml for role in redhat.rhel_system_roles.
2025-10-12T11:39:45.946738+00:00 ERROR 'ansible_navigator.actions.collections._parse' /usr/share/ansible/collections/ansible_collections/redhat/rhel_system_roles/roles/network/meta/argument_specs.yml Failed to find argument_specs.yml for role in redhat.rhel_system_roles.
2025-10-12T11:39:45.946746+00:00 ERROR 'ansible_navigator.actions.collections._parse' /usr/share/ansible/collections/ansible_collections/redhat/rhel_system_roles/roles/podman/meta/argument_specs.yml Failed to find argument_specs.yml for role in redhat.rhel_system_roles.
2025-10-12T11:39:45.946754+00:00 ERROR 'ansible_navigator.actions.collections._parse' /usr/share/ansible/collections/ansible_collections/redhat/rhel_system_roles/roles/postfix/meta/argument_specs.yml Failed to find argument_specs.yml for role in redhat.rhel_system_roles.
2025-10-12T11:39:45.946761+00:00 ERROR 'ansible_navigator.actions.collections._parse' /usr/share/ansible/collections/ansible_collections/redhat/rhel_system_roles/roles/postgresql/meta/argument_specs.yml Failed to find argument_specs.yml for role in redhat.rhel_system_roles.
2025-10-12T11:39:45.946768+00:00 ERROR 'ansible_navigator.actions.collections._parse' /usr/share/ansible/collections/ansible_collections/redhat/rhel_system_roles/roles/private_logging_subrole_rsyslog/meta/argument_specs.yml Failed to find argument_specs.yml for role in redhat.rhel_system_roles.
2025-10-12T11:39:45.946776+00:00 ERROR 'ansible_navigator.actions.collections._parse' /usr/share/ansible/collections/ansible_collections/redhat/rhel_system_roles/roles/private_metrics_subrole_bpftrace/meta/argument_specs.yml Failed to find argument_specs.yml for role in redhat.rhel_system_roles.
2025-10-12T11:39:45.946783+00:00 ERROR 'ansible_navigator.actions.collections._parse' /usr/share/ansible/collections/ansible_collections/redhat/rhel_system_roles/roles/private_metrics_subrole_elasticsearch/meta/argument_specs.yml Failed to find argument_specs.yml for role in redhat.rhel_system_roles.
2025-10-12T11:39:45.946791+00:00 ERROR 'ansible_navigator.actions.collections._parse' /usr/share/ansible/collections/ansible_collections/redhat/rhel_system_roles/roles/private_metrics_subrole_grafana/meta/argument_specs.yml Failed to find argument_specs.yml for role in redhat.rhel_system_roles.
2025-10-12T11:39:45.946798+00:00 ERROR 'ansible_navigator.actions.collections._parse' /usr/share/ansible/collections/ansible_collections/redhat/rhel_system_roles/roles/private_metrics_subrole_keyserver/meta/argument_specs.yml Failed to find argument_specs.yml for role in redhat.rhel_system_roles.
2025-10-12T11:39:45.946806+00:00 ERROR 'ansible_navigator.actions.collections._parse' /usr/share/ansible/collections/ansible_collections/redhat/rhel_system_roles/roles/private_metrics_subrole_mssql/meta/argument_specs.yml Failed to find argument_specs.yml for role in redhat.rhel_system_roles.
2025-10-12T11:39:45.946813+00:00 ERROR 'ansible_navigator.actions.collections._parse' /usr/share/ansible/collections/ansible_collections/redhat/rhel_system_roles/roles/private_metrics_subrole_pcp/meta/argument_specs.yml Failed to find argument_specs.yml for role in redhat.rhel_system_roles.
2025-10-12T11:39:45.946820+00:00 ERROR 'ansible_navigator.actions.collections._parse' /usr/share/ansible/collections/ansible_collections/redhat/rhel_system_roles/roles/private_metrics_subrole_postfix/meta/argument_specs.yml Failed to find argument_specs.yml for role in redhat.rhel_system_roles.
2025-10-12T11:39:45.946827+00:00 ERROR 'ansible_navigator.actions.collections._parse' /usr/share/ansible/collections/ansible_collections/redhat/rhel_system_roles/roles/private_metrics_subrole_repository/meta/argument_specs.yml Failed to find argument_specs.yml for role in redhat.rhel_system_roles.
2025-10-12T11:39:45.946835+00:00 ERROR 'ansible_navigator.actions.collections._parse' /usr/share/ansible/collections/ansible_collections/redhat/rhel_system_roles/roles/private_metrics_subrole_spark/meta/argument_specs.yml Failed to find argument_specs.yml for role in redhat.rhel_system_roles.
2025-10-12T11:39:45.946842+00:00 ERROR 'ansible_navigator.actions.collections._parse' /usr/share/ansible/collections/ansible_collections/redhat/rhel_system_roles/roles/rhc/meta/argument_specs.yml Failed to find argument_specs.yml for role in redhat.rhel_system_roles.
2025-10-12T11:39:45.946850+00:00 ERROR 'ansible_navigator.actions.collections._parse' /usr/share/ansible/collections/ansible_collections/redhat/rhel_system_roles/roles/selinux/meta/argument_specs.yml Failed to find argument_specs.yml for role in redhat.rhel_system_roles.
2025-10-12T11:39:45.946857+00:00 ERROR 'ansible_navigator.actions.collections._parse' /usr/share/ansible/collections/ansible_collections/redhat/rhel_system_roles/roles/snapshot/meta/argument_specs.yml Failed to find argument_specs.yml for role in redhat.rhel_system_roles.
2025-10-12T11:39:45.946865+00:00 ERROR 'ansible_navigator.actions.collections._parse' /usr/share/ansible/collections/ansible_collections/redhat/rhel_system_roles/roles/ssh/meta/argument_specs.yml Failed to find argument_specs.yml for role in redhat.rhel_system_roles.
2025-10-12T11:39:45.946872+00:00 ERROR 'ansible_navigator.actions.collections._parse' /usr/share/ansible/collections/ansible_collections/redhat/rhel_system_roles/roles/sshd/meta/argument_specs.yml Failed to find argument_specs.yml for role in redhat.rhel_system_roles.
2025-10-12T11:39:45.946880+00:00 ERROR 'ansible_navigator.actions.collections._parse' /usr/share/ansible/collections/ansible_collections/redhat/rhel_system_roles/roles/storage/meta/argument_specs.yml Failed to find argument_specs.yml for role in redhat.rhel_system_roles.
2025-10-12T11:39:45.946887+00:00 ERROR 'ansible_navigator.actions.collections._parse' /usr/share/ansible/collections/ansible_collections/redhat/rhel_system_roles/roles/sudo/meta/argument_specs.yml Failed to find argument_specs.yml for role in redhat.rhel_system_roles.
2025-10-12T11:39:45.946894+00:00 ERROR 'ansible_navigator.actions.collections._parse' /usr/share/ansible/collections/ansible_collections/redhat/rhel_system_roles/roles/systemd/meta/argument_specs.yml Failed to find argument_specs.yml for role in redhat.rhel_system_roles.
2025-10-12T11:39:45.946902+00:00 ERROR 'ansible_navigator.actions.collections._parse' /usr/share/ansible/collections/ansible_collections/redhat/rhel_system_roles/roles/timesync/meta/argument_specs.yml Failed to find argument_specs.yml for role in redhat.rhel_system_roles.
2025-10-12T11:39:45.946909+00:00 ERROR 'ansible_navigator.actions.collections._parse' /usr/share/ansible/collections/ansible_collections/redhat/rhel_system_roles/roles/tlog/meta/argument_specs.yml Failed to find argument_specs.yml for role in redhat.rhel_system_roles.
2025-10-12T11:39:45.946916+00:00 ERROR 'ansible_navigator.actions.collections._parse' /usr/share/ansible/collections/ansible_collections/redhat/rhel_system_roles/roles/vpn/meta/argument_specs.yml Failed to find argument_specs.yml for role in redhat.rhel_system_roles.
2025-10-12T11:39:45.946923+00:00 ERROR 'ansible_navigator.actions.collections._parse' /usr/share/ansible/collections/ansible_collections/redhat/rhv/roles/cluster_upgrade/meta/argument_specs.yml Failed to find argument_specs.yml for role in redhat.rhv.
2025-10-12T11:39:45.946931+00:00 ERROR 'ansible_navigator.actions.collections._parse' /usr/share/ansible/collections/ansible_collections/redhat/rhv/roles/cluster_upgrade/meta/main.yml Failed to find main.yml for role in redhat.rhv.
2025-10-12T11:39:45.946939+00:00 ERROR 'ansible_navigator.actions.collections._parse' /usr/share/ansible/collections/ansible_collections/redhat/rhv/roles/disaster_recovery/meta/argument_specs.yml Failed to find argument_specs.yml for role in redhat.rhv.
2025-10-12T11:39:45.946948+00:00 ERROR 'ansible_navigator.actions.collections._parse' /usr/share/ansible/collections/ansible_collections/redhat/rhv/roles/disaster_recovery/meta/main.yml Failed to find main.yml for role in redhat.rhv.
2025-10-12T11:39:45.946955+00:00 ERROR 'ansible_navigator.actions.collections._parse' /usr/share/ansible/collections/ansible_collections/redhat/rhv/roles/engine_setup/meta/argument_specs.yml Failed to find argument_specs.yml for role in redhat.rhv.
2025-10-12T11:39:45.946963+00:00 ERROR 'ansible_navigator.actions.collections._parse' /usr/share/ansible/collections/ansible_collections/redhat/rhv/roles/engine_setup/meta/main.yml Failed to find main.yml for role in redhat.rhv.
2025-10-12T11:39:45.946970+00:00 ERROR 'ansible_navigator.actions.collections._parse' /usr/share/ansible/collections/ansible_collections/redhat/rhv/roles/hosted_engine_setup/meta/argument_specs.yml Failed to find argument_specs.yml for role in redhat.rhv.
2025-10-12T11:39:45.946978+00:00 ERROR 'ansible_navigator.actions.collections._parse' /usr/share/ansible/collections/ansible_collections/redhat/rhv/roles/hosted_engine_setup/meta/main.yml Failed to find main.yml for role in redhat.rhv.
2025-10-12T11:39:45.946985+00:00 ERROR 'ansible_navigator.actions.collections._parse' /usr/share/ansible/collections/ansible_collections/redhat/rhv/roles/image_template/meta/argument_specs.yml Failed to find argument_specs.yml for role in redhat.rhv.
2025-10-12T11:39:45.946992+00:00 ERROR 'ansible_navigator.actions.collections._parse' /usr/share/ansible/collections/ansible_collections/redhat/rhv/roles/image_template/meta/main.yml Failed to find main.yml for role in redhat.rhv.
2025-10-12T11:39:45.947000+00:00 ERROR 'ansible_navigator.actions.collections._parse' /usr/share/ansible/collections/ansible_collections/redhat/rhv/roles/infra/meta/argument_specs.yml Failed to find argument_specs.yml for role in redhat.rhv.
2025-10-12T11:39:45.947007+00:00 ERROR 'ansible_navigator.actions.collections._parse' /usr/share/ansible/collections/ansible_collections/redhat/rhv/roles/infra/meta/main.yml Failed to find main.yml for role in redhat.rhv.
2025-10-12T11:39:45.947015+00:00 ERROR 'ansible_navigator.actions.collections._parse' /usr/share/ansible/collections/ansible_collections/redhat/rhv/roles/remove_stale_lun/meta/argument_specs.yml Failed to find argument_specs.yml for role in redhat.rhv.
2025-10-12T11:39:45.947022+00:00 ERROR 'ansible_navigator.actions.collections._parse' /usr/share/ansible/collections/ansible_collections/redhat/rhv/roles/remove_stale_lun/meta/main.yml Failed to find main.yml for role in redhat.rhv.
2025-10-12T11:39:45.947030+00:00 ERROR 'ansible_navigator.actions.collections._parse' /usr/share/ansible/collections/ansible_collections/redhat/rhv/roles/repositories/meta/argument_specs.yml Failed to find argument_specs.yml for role in redhat.rhv.
2025-10-12T11:39:45.947037+00:00 ERROR 'ansible_navigator.actions.collections._parse' /usr/share/ansible/collections/ansible_collections/redhat/rhv/roles/repositories/meta/main.yml Failed to find main.yml for role in redhat.rhv.
2025-10-12T11:39:45.947044+00:00 ERROR 'ansible_navigator.actions.collections._parse' /usr/share/ansible/collections/ansible_collections/redhat/rhv/roles/shutdown_env/meta/argument_specs.yml Failed to find argument_specs.yml for role in redhat.rhv.
2025-10-12T11:39:45.947052+00:00 ERROR 'ansible_navigator.actions.collections._parse' /usr/share/ansible/collections/ansible_collections/redhat/rhv/roles/shutdown_env/meta/main.yml Failed to find main.yml for role in redhat.rhv.
2025-10-12T11:39:45.947059+00:00 ERROR 'ansible_navigator.actions.collections._parse' /usr/share/ansible/collections/ansible_collections/redhat/rhv/roles/vm_infra/meta/argument_specs.yml Failed to find argument_specs.yml for role in redhat.rhv.
2025-10-12T11:39:45.947066+00:00 ERROR 'ansible_navigator.actions.collections._parse' /usr/share/ansible/collections/ansible_collections/redhat/rhv/roles/vm_infra/meta/main.yml Failed to find main.yml for role in redhat.rhv.
2025-10-12T11:39:45.947077+00:00 ERROR 'ansible_navigator.actions.collections._parse' /usr/share/ansible/collections/ansible_collections/redhat/sap_install/roles/sap_general_preconfigure/meta/argument_specs.yml Failed to find argument_specs.yml for role in redhat.sap_install.
2025-10-12T11:39:45.947086+00:00 ERROR 'ansible_navigator.actions.collections._parse' /usr/share/ansible/collections/ansible_collections/redhat/sap_install/roles/sap_ha_install_hana_hsr/meta/argument_specs.yml Failed to find argument_specs.yml for role in redhat.sap_install.
2025-10-12T11:39:45.947093+00:00 ERROR 'ansible_navigator.actions.collections._parse' /usr/share/ansible/collections/ansible_collections/redhat/sap_install/roles/sap_hana_preconfigure/meta/argument_specs.yml Failed to find argument_specs.yml for role in redhat.sap_install.
2025-10-12T11:39:45.947101+00:00 ERROR 'ansible_navigator.actions.collections._parse' /usr/share/ansible/collections/ansible_collections/redhat/sap_install/roles/sap_netweaver_preconfigure/meta/argument_specs.yml Failed to find argument_specs.yml for role in redhat.sap_install.
2025-10-12T11:39:45.947108+00:00 ERROR 'ansible_navigator.actions.collections._parse' /usr/share/ansible/collections/ansible_collections/redhat/sap_install/roles/sap_swpm/meta/argument_specs.yml Failed to find argument_specs.yml for role in redhat.sap_install.
2025-10-12T11:39:45.947115+00:00 ERROR 'ansible_navigator.actions.collections._parse' /usr/share/ansible/collections/ansible_collections/redhat/satellite/roles/activation_keys/meta/argument_specs.yml Failed to find argument_specs.yml for role in redhat.satellite.
2025-10-12T11:39:45.947122+00:00 ERROR 'ansible_navigator.actions.collections._parse' /usr/share/ansible/collections/ansible_collections/redhat/satellite/roles/activation_keys/meta/main.yml Failed to find main.yml for role in redhat.satellite.
2025-10-12T11:39:45.947130+00:00 ERROR 'ansible_navigator.actions.collections._parse' /usr/share/ansible/collections/ansible_collections/redhat/satellite/roles/auth_sources_ldap/meta/argument_specs.yml Failed to find argument_specs.yml for role in redhat.satellite.
2025-10-12T11:39:45.947137+00:00 ERROR 'ansible_navigator.actions.collections._parse' /usr/share/ansible/collections/ansible_collections/redhat/satellite/roles/auth_sources_ldap/meta/main.yml Failed to find main.yml for role in redhat.satellite.
2025-10-12T11:39:45.947145+00:00 ERROR 'ansible_navigator.actions.collections._parse' /usr/share/ansible/collections/ansible_collections/redhat/satellite/roles/compute_profiles/meta/argument_specs.yml Failed to find argument_specs.yml for role in redhat.satellite.
2025-10-12T11:39:45.947152+00:00 ERROR 'ansible_navigator.actions.collections._parse' /usr/share/ansible/collections/ansible_collections/redhat/satellite/roles/compute_profiles/meta/main.yml Failed to find main.yml for role in redhat.satellite.
2025-10-12T11:39:45.947159+00:00 ERROR 'ansible_navigator.actions.collections._parse' /usr/share/ansible/collections/ansible_collections/redhat/satellite/roles/compute_resources/meta/argument_specs.yml Failed to find argument_specs.yml for role in redhat.satellite.
2025-10-12T11:39:45.947167+00:00 ERROR 'ansible_navigator.actions.collections._parse' /usr/share/ansible/collections/ansible_collections/redhat/satellite/roles/compute_resources/meta/main.yml Failed to find main.yml for role in redhat.satellite.
2025-10-12T11:39:45.947174+00:00 ERROR 'ansible_navigator.actions.collections._parse' /usr/share/ansible/collections/ansible_collections/redhat/satellite/roles/content_credentials/meta/argument_specs.yml Failed to find argument_specs.yml for role in redhat.satellite.
2025-10-12T11:39:45.947182+00:00 ERROR 'ansible_navigator.actions.collections._parse' /usr/share/ansible/collections/ansible_collections/redhat/satellite/roles/content_credentials/meta/main.yml Failed to find main.yml for role in redhat.satellite.
2025-10-12T11:39:45.947190+00:00 ERROR 'ansible_navigator.actions.collections._parse' /usr/share/ansible/collections/ansible_collections/redhat/satellite/roles/content_rhel/meta/argument_specs.yml Failed to find argument_specs.yml for role in redhat.satellite.
2025-10-12T11:39:45.947198+00:00 ERROR 'ansible_navigator.actions.collections._parse' /usr/share/ansible/collections/ansible_collections/redhat/satellite/roles/content_rhel/meta/main.yml Failed to find main.yml for role in redhat.satellite.
2025-10-12T11:39:45.947206+00:00 ERROR 'ansible_navigator.actions.collections._parse' /usr/share/ansible/collections/ansible_collections/redhat/satellite/roles/content_view_publish/meta/argument_specs.yml Failed to find argument_specs.yml for role in redhat.satellite.
2025-10-12T11:39:45.947214+00:00 ERROR 'ansible_navigator.actions.collections._parse' /usr/share/ansible/collections/ansible_collections/redhat/satellite/roles/content_view_publish/meta/main.yml Failed to find main.yml for role in redhat.satellite.
2025-10-12T11:39:45.947221+00:00 ERROR 'ansible_navigator.actions.collections._parse' /usr/share/ansible/collections/ansible_collections/redhat/satellite/roles/content_view_version_cleanup/meta/argument_specs.yml Failed to find argument_specs.yml for role in redhat.satellite.
2025-10-12T11:39:45.947229+00:00 ERROR 'ansible_navigator.actions.collections._parse' /usr/share/ansible/collections/ansible_collections/redhat/satellite/roles/content_view_version_cleanup/meta/main.yml Failed to find main.yml for role in redhat.satellite.
2025-10-12T11:39:45.947236+00:00 ERROR 'ansible_navigator.actions.collections._parse' /usr/share/ansible/collections/ansible_collections/redhat/satellite/roles/content_views/meta/argument_specs.yml Failed to find argument_specs.yml for role in redhat.satellite.
2025-10-12T11:39:45.947243+00:00 ERROR 'ansible_navigator.actions.collections._parse' /usr/share/ansible/collections/ansible_collections/redhat/satellite/roles/content_views/meta/main.yml Failed to find main.yml for role in redhat.satellite.
2025-10-12T11:39:45.947250+00:00 ERROR 'ansible_navigator.actions.collections._parse' /usr/share/ansible/collections/ansible_collections/redhat/satellite/roles/convert2rhel/meta/argument_specs.yml Failed to find argument_specs.yml for role in redhat.satellite.
2025-10-12T11:39:45.947258+00:00 ERROR 'ansible_navigator.actions.collections._parse' /usr/share/ansible/collections/ansible_collections/redhat/satellite/roles/convert2rhel/meta/main.yml Failed to find main.yml for role in redhat.satellite.
2025-10-12T11:39:45.947265+00:00 ERROR 'ansible_navigator.actions.collections._parse' /usr/share/ansible/collections/ansible_collections/redhat/satellite/roles/domains/meta/argument_specs.yml Failed to find argument_specs.yml for role in redhat.satellite.
2025-10-12T11:39:45.947273+00:00 ERROR 'ansible_navigator.actions.collections._parse' /usr/share/ansible/collections/ansible_collections/redhat/satellite/roles/domains/meta/main.yml Failed to find main.yml for role in redhat.satellite.
2025-10-12T11:39:45.947280+00:00 ERROR 'ansible_navigator.actions.collections._parse' /usr/share/ansible/collections/ansible_collections/redhat/satellite/roles/hostgroups/meta/argument_specs.yml Failed to find argument_specs.yml for role in redhat.satellite.
2025-10-12T11:39:45.947294+00:00 ERROR 'ansible_navigator.actions.collections._parse' /usr/share/ansible/collections/ansible_collections/redhat/satellite/roles/hostgroups/meta/main.yml Failed to find main.yml for role in redhat.satellite.
2025-10-12T11:39:45.947303+00:00 ERROR 'ansible_navigator.actions.collections._parse' /usr/share/ansible/collections/ansible_collections/redhat/satellite/roles/lifecycle_environments/meta/argument_specs.yml Failed to find argument_specs.yml for role in redhat.satellite.
2025-10-12T11:39:45.947311+00:00 ERROR 'ansible_navigator.actions.collections._parse' /usr/share/ansible/collections/ansible_collections/redhat/satellite/roles/lifecycle_environments/meta/main.yml Failed to find main.yml for role in redhat.satellite.
2025-10-12T11:39:45.947318+00:00 ERROR 'ansible_navigator.actions.collections._parse' /usr/share/ansible/collections/ansible_collections/redhat/satellite/roles/manifest/meta/argument_specs.yml Failed to find argument_specs.yml for role in redhat.satellite.
2025-10-12T11:39:45.947327+00:00 ERROR 'ansible_navigator.actions.collections._parse' /usr/share/ansible/collections/ansible_collections/redhat/satellite/roles/manifest/meta/main.yml Failed to find main.yml for role in redhat.satellite.
2025-10-12T11:39:45.947334+00:00 ERROR 'ansible_navigator.actions.collections._parse' /usr/share/ansible/collections/ansible_collections/redhat/satellite/roles/operatingsystems/meta/argument_specs.yml Failed to find argument_specs.yml for role in redhat.satellite.
2025-10-12T11:39:45.947342+00:00 ERROR 'ansible_navigator.actions.collections._parse' /usr/share/ansible/collections/ansible_collections/redhat/satellite/roles/operatingsystems/meta/main.yml Failed to find main.yml for role in redhat.satellite.
2025-10-12T11:39:45.947349+00:00 ERROR 'ansible_navigator.actions.collections._parse' /usr/share/ansible/collections/ansible_collections/redhat/satellite/roles/organizations/meta/argument_specs.yml Failed to find argument_specs.yml for role in redhat.satellite.
2025-10-12T11:39:45.947356+00:00 ERROR 'ansible_navigator.actions.collections._parse' /usr/share/ansible/collections/ansible_collections/redhat/satellite/roles/organizations/meta/main.yml Failed to find main.yml for role in redhat.satellite.
2025-10-12T11:39:45.947364+00:00 ERROR 'ansible_navigator.actions.collections._parse' /usr/share/ansible/collections/ansible_collections/redhat/satellite/roles/provisioning_templates/meta/argument_specs.yml Failed to find argument_specs.yml for role in redhat.satellite.
2025-10-12T11:39:45.947371+00:00 ERROR 'ansible_navigator.actions.collections._parse' /usr/share/ansible/collections/ansible_collections/redhat/satellite/roles/provisioning_templates/meta/main.yml Failed to find main.yml for role in redhat.satellite.
2025-10-12T11:39:45.947378+00:00 ERROR 'ansible_navigator.actions.collections._parse' /usr/share/ansible/collections/ansible_collections/redhat/satellite/roles/repositories/meta/argument_specs.yml Failed to find argument_specs.yml for role in redhat.satellite.
2025-10-12T11:39:45.947385+00:00 ERROR 'ansible_navigator.actions.collections._parse' /usr/share/ansible/collections/ansible_collections/redhat/satellite/roles/repositories/meta/main.yml Failed to find main.yml for role in redhat.satellite.
2025-10-12T11:39:45.947393+00:00 ERROR 'ansible_navigator.actions.collections._parse' /usr/share/ansible/collections/ansible_collections/redhat/satellite/roles/settings/meta/argument_specs.yml Failed to find argument_specs.yml for role in redhat.satellite.
2025-10-12T11:39:45.947400+00:00 ERROR 'ansible_navigator.actions.collections._parse' /usr/share/ansible/collections/ansible_collections/redhat/satellite/roles/settings/meta/main.yml Failed to find main.yml for role in redhat.satellite.
2025-10-12T11:39:45.947408+00:00 ERROR 'ansible_navigator.actions.collections._parse' /usr/share/ansible/collections/ansible_collections/redhat/satellite/roles/subnets/meta/argument_specs.yml Failed to find argument_specs.yml for role in redhat.satellite.
2025-10-12T11:39:45.947415+00:00 ERROR 'ansible_navigator.actions.collections._parse' /usr/share/ansible/collections/ansible_collections/redhat/satellite/roles/subnets/meta/main.yml Failed to find main.yml for role in redhat.satellite.
2025-10-12T11:39:45.947423+00:00 ERROR 'ansible_navigator.actions.collections._parse' /usr/share/ansible/collections/ansible_collections/redhat/satellite/roles/sync_plans/meta/argument_specs.yml Failed to find argument_specs.yml for role in redhat.satellite.
2025-10-12T11:39:45.947430+00:00 ERROR 'ansible_navigator.actions.collections._parse' /usr/share/ansible/collections/ansible_collections/redhat/satellite/roles/sync_plans/meta/main.yml Failed to find main.yml for role in redhat.satellite.
2025-10-12T11:39:45.947438+00:00 ERROR 'ansible_navigator.actions.collections._parse' /usr/share/ansible/collections/ansible_collections/redhat/satellite_operations/roles/backup/meta/argument_specs.yml Failed to find argument_specs.yml for role in redhat.satellite_operations.
2025-10-12T11:39:45.947446+00:00 ERROR 'ansible_navigator.actions.collections._parse' /usr/share/ansible/collections/ansible_collections/redhat/satellite_operations/roles/backup/meta/main.yml Failed to find main.yml for role in redhat.satellite_operations.
2025-10-12T11:39:45.947453+00:00 ERROR 'ansible_navigator.actions.collections._parse' /usr/share/ansible/collections/ansible_collections/redhat/satellite_operations/roles/capsule_certs_generate/meta/argument_specs.yml Failed to find argument_specs.yml for role in redhat.satellite_operations.
2025-10-12T11:39:45.947461+00:00 ERROR 'ansible_navigator.actions.collections._parse' /usr/share/ansible/collections/ansible_collections/redhat/satellite_operations/roles/capsule_certs_generate/meta/main.yml Failed to find main.yml for role in redhat.satellite_operations.
2025-10-12T11:39:45.947469+00:00 ERROR 'ansible_navigator.actions.collections._parse' /usr/share/ansible/collections/ansible_collections/redhat/satellite_operations/roles/cloud_connector/meta/argument_specs.yml Failed to find argument_specs.yml for role in redhat.satellite_operations.
2025-10-12T11:39:45.947476+00:00 ERROR 'ansible_navigator.actions.collections._parse' /usr/share/ansible/collections/ansible_collections/redhat/satellite_operations/roles/cloud_connector/meta/main.yml Failed to find main.yml for role in redhat.satellite_operations.
2025-10-12T11:39:45.947484+00:00 ERROR 'ansible_navigator.actions.collections._parse' /usr/share/ansible/collections/ansible_collections/redhat/satellite_operations/roles/installer/meta/argument_specs.yml Failed to find argument_specs.yml for role in redhat.satellite_operations.
2025-10-12T11:39:45.947492+00:00 ERROR 'ansible_navigator.actions.collections._parse' /usr/share/ansible/collections/ansible_collections/redhat/satellite_operations/roles/installer/meta/main.yml Failed to find main.yml for role in redhat.satellite_operations.
2025-10-12T11:39:45.947499+00:00 ERROR 'ansible_navigator.actions.collections._parse' /home/rodolfo/ansible/mycollection/ansible_collections/community/general/plugins/modules/cloud/huawei/hwc_ecs_instance.py ParserError (get_docstring): while parsing a block mapping
  in "<unicode string>", line 1, column 1:
    availability_zone:
    ^
expected <block end>, but found '<block mapping start>'
  in "<unicode string>", line 6, column 5:
        flavor_name:
        ^
2025-10-12T11:39:45.947508+00:00 ERROR 'ansible_navigator.actions.collections._parse' /home/rodolfo/ansible/mycollection/ansible_collections/community/general/plugins/modules/cloud/huawei/hwc_evs_disk.py ParserError (get_docstring): while parsing a block mapping
  in "<unicode string>", line 1, column 1:
    availability_zone:
    ^
expected <block end>, but found '<block mapping start>'
  in "<unicode string>", line 6, column 5:
        name:
        ^
2025-10-12T11:39:45.947516+00:00 ERROR 'ansible_navigator.actions.collections._parse' /home/rodolfo/ansible/mycollection/ansible_collections/community/general/plugins/modules/cloud/huawei/hwc_network_vpc.py ParserError (get_docstring): while parsing a block mapping
  in "<unicode string>", line 1, column 1:
    id:
    ^
expected <block end>, but found '<block mapping start>'
  in "<unicode string>", line 6, column 5:
        name:
        ^
2025-10-12T11:39:45.947523+00:00 ERROR 'ansible_navigator.actions.collections._parse' /home/rodolfo/ansible/mycollection/ansible_collections/community/general/plugins/modules/cloud/huawei/hwc_vpc_eip.py ParserError (get_docstring): while parsing a block mapping
  in "<unicode string>", line 1, column 1:
    type:
    ^
expected <block end>, but found '<block mapping start>'
  in "<unicode string>", line 6, column 5:
        dedicated_bandwidth:
        ^
2025-10-12T11:39:45.947530+00:00 ERROR 'ansible_navigator.actions.collections._parse' /home/rodolfo/ansible/mycollection/ansible_collections/community/general/plugins/modules/cloud/huawei/hwc_vpc_peering_connect.py ParserError (get_docstring): while parsing a block mapping
  in "<unicode string>", line 1, column 1:
    local_vpc_id:
    ^
expected <block end>, but found '<block mapping start>'
  in "<unicode string>", line 6, column 5:
        name:
        ^
2025-10-12T11:39:45.947539+00:00 ERROR 'ansible_navigator.actions.collections._parse' /home/rodolfo/ansible/mycollection/ansible_collections/community/general/plugins/modules/cloud/huawei/hwc_vpc_port.py ParserError (get_docstring): while parsing a block mapping
  in "<unicode string>", line 1, column 1:
    subnet_id:
    ^
expected <block end>, but found '<block mapping start>'
  in "<unicode string>", line 6, column 5:
        admin_state_up:
        ^
2025-10-12T11:39:45.947546+00:00 ERROR 'ansible_navigator.actions.collections._parse' /home/rodolfo/ansible/mycollection/ansible_collections/community/general/plugins/modules/cloud/huawei/hwc_vpc_private_ip.py ParserError (get_docstring): while parsing a block mapping
  in "<unicode string>", line 1, column 1:
    subnet_id:
    ^
expected <block end>, but found '<block mapping start>'
  in "<unicode string>", line 7, column 5:
        ip_address:
        ^
2025-10-12T11:39:45.947554+00:00 ERROR 'ansible_navigator.actions.collections._parse' /home/rodolfo/ansible/mycollection/ansible_collections/community/general/plugins/modules/cloud/huawei/hwc_vpc_route.py ParserError (get_docstring): while parsing a block mapping
  in "<unicode string>", line 1, column 1:
    id:
    ^
expected <block end>, but found '<block mapping start>'
  in "<unicode string>", line 6, column 5:
        destination:
        ^
2025-10-12T11:39:45.947561+00:00 ERROR 'ansible_navigator.actions.collections._parse' /home/rodolfo/ansible/mycollection/ansible_collections/community/general/plugins/modules/cloud/huawei/hwc_vpc_security_group.py ParserError (get_docstring): while parsing a block mapping
  in "<unicode string>", line 1, column 1:
    name:
    ^
expected <block end>, but found '<block mapping start>'
  in "<unicode string>", line 8, column 5:
        enterprise_project_id:
        ^
2025-10-12T11:39:45.947569+00:00 ERROR 'ansible_navigator.actions.collections._parse' /home/rodolfo/ansible/mycollection/ansible_collections/community/general/plugins/modules/cloud/huawei/hwc_vpc_security_group_rule.py ParserError (get_docstring): while parsing a block mapping
  in "<unicode string>", line 1, column 1:
    direction:
    ^
expected <block end>, but found '<block mapping start>'
  in "<unicode string>", line 7, column 5:
        security_group_id:
        ^
2025-10-12T11:39:45.947577+00:00 ERROR 'ansible_navigator.actions.collections._parse' /home/rodolfo/ansible/mycollection/ansible_collections/community/general/plugins/modules/cloud/huawei/hwc_vpc_subnet.py ParserError (get_docstring): while parsing a block mapping
  in "<unicode string>", line 1, column 1:
    cidr:
    ^
expected <block end>, but found '<block mapping start>'
  in "<unicode string>", line 8, column 5:
        gateway_ip:
        ^
2025-10-12T11:39:45.947584+00:00 ERROR 'ansible_navigator.actions.collections._parse' /home/rodolfo/ansible/mycollection/ansible_collections/community/general/plugins/modules/cloud/scaleway/scaleway_database_backup.py ScannerError (get_docstring): mapping values are not allowed here
  in "<unicode string>", line 2, column 47:
     ... general.scaleway_database_backup:
                                         ^
2025-10-12T11:39:45.947592+00:00 ERROR 'ansible_navigator.actions.collections._parse' /home/rodolfo/ansible/mycollection/ansible_collections/community/general/plugins/modules/cloud/scaleway/scaleway_security_group_rule.py ScannerError (get_docstring): mapping values are not allowed here
  in "<unicode string>", line 2, column 51:
     ... ral.scaleway_security_group_rule:
                                         ^
2025-10-12T11:39:45.947599+00:00 ERROR 'ansible_navigator.actions.collections._parse' /home/rodolfo/ansible/mycollection/ansible_collections/community/general/plugins/modules/identity/keycloak/keycloak_authentication.py ScannerError (get_docstring): mapping values are not allowed here
  in "<unicode string>", line 2, column 48:
     ... .general.keycloak_authentication:
                                         ^
2025-10-12T11:39:45.947608+00:00 ERROR 'ansible_navigator.actions.collections._parse' /home/rodolfo/ansible/mycollection/ansible_collections/community/general/plugins/modules/identity/keycloak/keycloak_user_federation.py ScannerError (get_docstring): mapping values are not allowed here
  in "<unicode string>", line 2, column 47:
     ... general.keycloak_user_federation:
                                         ^
2025-10-12T11:39:45.947844+00:00 ERROR 'ansible_navigator.actions.collections._parse' community.general was mounted and catalogued in the execution environment but was outside the adjacent 'collections' directory. This may cause issues outside the local development environment.
2025-10-12T11:39:45.947918+00:00 ERROR 'ansible_navigator.actions.collections._parse' redhat.insights was mounted and catalogued in the execution environment but was outside the adjacent 'collections' directory. This may cause issues outside the local development environment.
2025-10-12T11:39:45.947971+00:00 ERROR 'ansible_navigator.actions.collections._parse' redhat.rhel_system_roles was mounted and catalogued in the execution environment but was outside the adjacent 'collections' directory. This may cause issues outside the local development environment.
2025-10-12T12:33:32.603168+00:00 INFO 'ansible_navigator.setup_logger' New ansible-navigator instance, logging initialized
2025-10-12T12:33:32.603511+00:00 INFO 'ansible_navigator.setup_logger' New ansible-runner instance, logging initialized
2025-10-12T12:33:32.603542+00:00 DEBUG 'ansible_navigator.main' MarkupSafe==2.1.3 
2025-10-12T12:33:32.603557+00:00 DEBUG 'ansible_navigator.main' Parsley==1.3 
2025-10-12T12:33:32.603568+00:00 DEBUG 'ansible_navigator.main' PyYAML==6.0.2 
2025-10-12T12:33:32.603578+00:00 DEBUG 'ansible_navigator.main' ansible-builder==3.1.0 
2025-10-12T12:33:32.603586+00:00 DEBUG 'ansible_navigator.main' ansible-compat==25.8.1 
2025-10-12T12:33:32.603594+00:00 DEBUG 'ansible_navigator.main' ansible-core==2.16.14 
2025-10-12T12:33:32.603601+00:00 DEBUG 'ansible_navigator.main' ansible-lint==25.8.2 
2025-10-12T12:33:32.603609+00:00 DEBUG 'ansible_navigator.main' ansible-navigator==25.9.0 
2025-10-12T12:33:32.603616+00:00 DEBUG 'ansible_navigator.main' ansible-runner==2.4.1 
2025-10-12T12:33:32.603623+00:00 DEBUG 'ansible_navigator.main' bindep==2.13.0 /home/rodolfo/.local/lib/python3.12/site-packages/bindep/__init__.py
2025-10-12T12:33:32.603632+00:00 DEBUG 'ansible_navigator.main' black==25.1.0 /home/rodolfo/.local/lib/python3.12/site-packages/black/__init__.cpython-312-x86_64-linux-gnu.so
2025-10-12T12:33:32.603641+00:00 DEBUG 'ansible_navigator.main' bracex==2.6 /home/rodolfo/.local/lib/python3.12/site-packages/bracex/__init__.py
2025-10-12T12:33:32.603648+00:00 DEBUG 'ansible_navigator.main' cffi==1.16.0 /usr/lib64/python3.12/site-packages/cffi/__init__.py
2025-10-12T12:33:32.603656+00:00 DEBUG 'ansible_navigator.main' charset-normalizer==3.3.2 
2025-10-12T12:33:32.603663+00:00 DEBUG 'ansible_navigator.main' click==8.2.1 /home/rodolfo/.local/lib/python3.12/site-packages/click/__init__.py
2025-10-12T12:33:32.603671+00:00 DEBUG 'ansible_navigator.main' cockpit==334.1 /usr/lib/python3.12/site-packages/cockpit/__init__.py
2025-10-12T12:33:32.603678+00:00 DEBUG 'ansible_navigator.main' dasbus==1.7 /usr/lib/python3.12/site-packages/dasbus/__init__.py
2025-10-12T12:33:32.603685+00:00 DEBUG 'ansible_navigator.main' dbus-python==1.3.2 
2025-10-12T12:33:32.603693+00:00 DEBUG 'ansible_navigator.main' distro==1.9.0 /usr/lib/python3.12/site-packages/distro/__init__.py
2025-10-12T12:33:32.603700+00:00 DEBUG 'ansible_navigator.main' file-magic==0.4.0 
2025-10-12T12:33:32.603708+00:00 DEBUG 'ansible_navigator.main' filelock==3.19.1 /home/rodolfo/.local/lib/python3.12/site-packages/filelock/__init__.py
2025-10-12T12:33:32.603715+00:00 DEBUG 'ansible_navigator.main' importlib_metadata==8.7.0 /home/rodolfo/.local/lib/python3.12/site-packages/importlib_metadata/__init__.py
2025-10-12T12:33:32.603722+00:00 DEBUG 'ansible_navigator.main' libcomps==0.1.21 /usr/lib64/python3.12/site-packages/libcomps/__init__.py
2025-10-12T12:33:32.603745+00:00 DEBUG 'ansible_navigator.main' lockfile==0.12.2 /home/rodolfo/.local/lib/python3.12/site-packages/lockfile/__init__.py
2025-10-12T12:33:32.603753+00:00 DEBUG 'ansible_navigator.main' mypy_extensions==1.1.0 /home/rodolfo/.local/lib/python3.12/site-packages/mypy_extensions.py
2025-10-12T12:33:32.603761+00:00 DEBUG 'ansible_navigator.main' nftables==0.1 /usr/lib/python3.12/site-packages/nftables/__init__.py
2025-10-12T12:33:32.603769+00:00 DEBUG 'ansible_navigator.main' onigurumacffi==1.4.1 /home/rodolfo/.local/lib/python3.12/site-packages/onigurumacffi.py
2025-10-12T12:33:32.603776+00:00 DEBUG 'ansible_navigator.main' pathspec==0.12.1 /home/rodolfo/.local/lib/python3.12/site-packages/pathspec/__init__.py
2025-10-12T12:33:32.603783+00:00 DEBUG 'ansible_navigator.main' pbr==7.0.1 /home/rodolfo/.local/lib/python3.12/site-packages/pbr/__init__.py
2025-10-12T12:33:32.603790+00:00 DEBUG 'ansible_navigator.main' perf==0.1 /usr/lib64/python3.12/site-packages/perf.cpython-312-x86_64-linux-gnu.so
2025-10-12T12:33:32.603797+00:00 DEBUG 'ansible_navigator.main' pexpect==4.9.0 /usr/lib/python3.12/site-packages/pexpect/__init__.py
2025-10-12T12:33:32.603804+00:00 DEBUG 'ansible_navigator.main' pip==23.3.2 /usr/lib/python3.12/site-packages/pip/__init__.py
2025-10-12T12:33:32.603811+00:00 DEBUG 'ansible_navigator.main' platformdirs==4.4.0 /home/rodolfo/.local/lib/python3.12/site-packages/platformdirs/__init__.py
2025-10-12T12:33:32.603818+00:00 DEBUG 'ansible_navigator.main' ply==3.11 /usr/lib/python3.12/site-packages/ply/__init__.py
2025-10-12T12:33:32.603825+00:00 DEBUG 'ansible_navigator.main' pycparser==2.20 /usr/lib/python3.12/site-packages/pycparser/__init__.py
2025-10-12T12:33:32.603832+00:00 DEBUG 'ansible_navigator.main' pyinotify==0.9.6 /usr/lib/python3.12/site-packages/pyinotify.py
2025-10-12T12:33:32.603839+00:00 DEBUG 'ansible_navigator.main' python-daemon==3.1.2 
2025-10-12T12:33:32.603846+00:00 DEBUG 'ansible_navigator.main' python-dateutil==2.8.2 
2025-10-12T12:33:32.603853+00:00 DEBUG 'ansible_navigator.main' python-linux-procfs==0.7.3 
2025-10-12T12:33:32.603860+00:00 DEBUG 'ansible_navigator.main' pyudev==0.24.1 /usr/lib/python3.12/site-packages/pyudev/__init__.py
2025-10-12T12:33:32.603867+00:00 DEBUG 'ansible_navigator.main' pyynl==0.0.1 /usr/lib/python3.12/site-packages/pyynl/__init__.py
2025-10-12T12:33:32.603874+00:00 DEBUG 'ansible_navigator.main' referencing==0.36.2 /home/rodolfo/.local/lib/python3.12/site-packages/referencing/__init__.py
2025-10-12T12:33:32.603881+00:00 DEBUG 'ansible_navigator.main' requests==2.32.3 /usr/lib/python3.12/site-packages/requests/__init__.py
2025-10-12T12:33:32.603889+00:00 DEBUG 'ansible_navigator.main' resolvelib==1.0.1 /usr/lib/python3.12/site-packages/resolvelib/__init__.py
2025-10-12T12:33:32.603896+00:00 DEBUG 'ansible_navigator.main' ruamel.yaml.clib==0.2.12 
2025-10-12T12:33:32.603903+00:00 DEBUG 'ansible_navigator.main' ruamel.yaml==0.18.15 /home/rodolfo/.local/lib/python3.12/site-packages/ruamel/yaml/__init__.py
2025-10-12T12:33:32.603910+00:00 DEBUG 'ansible_navigator.main' selinux==3.8 /usr/lib64/python3.12/site-packages/selinux/__init__.py
2025-10-12T12:33:32.603917+00:00 DEBUG 'ansible_navigator.main' sepolicy==3.8 /usr/lib/python3.12/site-packages/sepolicy/__init__.py
2025-10-12T12:33:32.603924+00:00 DEBUG 'ansible_navigator.main' setools==4.5.1 /usr/lib64/python3.12/site-packages/setools/__init__.py
2025-10-12T12:33:32.603930+00:00 DEBUG 'ansible_navigator.main' setroubleshoot==3.3.33 /usr/lib/python3.12/site-packages/setroubleshoot/__init__.py
2025-10-12T12:33:32.603937+00:00 DEBUG 'ansible_navigator.main' setuptools==69.0.3 /usr/lib/python3.12/site-packages/setuptools/__init__.py
2025-10-12T12:33:32.603945+00:00 DEBUG 'ansible_navigator.main' six==1.16.0 /usr/lib/python3.12/site-packages/six.py
2025-10-12T12:33:32.603953+00:00 DEBUG 'ansible_navigator.main' sos==4.8.2 /usr/lib/python3.12/site-packages/sos/__init__.py
2025-10-12T12:33:32.603960+00:00 DEBUG 'ansible_navigator.main' subprocess-tee==0.4.2 
2025-10-12T12:33:32.603970+00:00 DEBUG 'ansible_navigator.main' systemd-python==235 
2025-10-12T12:33:32.603977+00:00 DEBUG 'ansible_navigator.main' typing_extensions==4.15.0 /home/rodolfo/.local/lib/python3.12/site-packages/typing_extensions.py
2025-10-12T12:33:32.603984+00:00 DEBUG 'ansible_navigator.main' tzdata==2025.2 /home/rodolfo/.local/lib/python3.12/site-packages/tzdata/__init__.py
2025-10-12T12:33:32.603996+00:00 DEBUG 'ansible_navigator.main' urllib3==1.26.19 /usr/lib/python3.12/site-packages/urllib3/__init__.py
2025-10-12T12:33:32.604003+00:00 DEBUG 'ansible_navigator.main' wcmatch==10.1 /home/rodolfo/.local/lib/python3.12/site-packages/wcmatch/__init__.py
2025-10-12T12:33:32.604011+00:00 DEBUG 'ansible_navigator.main' yamllint==1.37.1 /home/rodolfo/.local/lib/python3.12/site-packages/yamllint/__init__.py
2025-10-12T12:33:32.604018+00:00 DEBUG 'ansible_navigator.main' zipp==3.23.0 /home/rodolfo/.local/lib/python3.12/site-packages/zipp/__init__.py
2025-10-12T12:33:32.604025+00:00 DEBUG 'ansible_navigator.main' Default collection_doc_cache_path set to: /home/rodolfo/.cache/ansible-navigator/collection_doc_cache.db
2025-10-12T12:33:32.604033+00:00 DEBUG 'ansible_navigator.main' EDITOR environment variable not set
2025-10-12T12:33:32.604041+00:00 DEBUG 'ansible_navigator.main' Default editor_command set to: vi +{line_number} {filename}
2025-10-12T12:33:32.604048+00:00 DEBUG 'ansible_navigator.main' No config file set by ANSIBLE_NAVIGATOR_CONFIG
2025-10-12T12:33:32.604055+00:00 DEBUG 'ansible_navigator.main' Looking in /home/rodolfo/.ansible-navigator
2025-10-12T12:33:32.604062+00:00 DEBUG 'ansible_navigator.main' Looking for '/home/rodolfo/.ansible-navigator.yml', '/home/rodolfo/.ansible-navigator.yaml' and '/home/rodolfo/.ansible-navigator.json'
2025-10-12T12:33:32.604070+00:00 DEBUG 'ansible_navigator.main' Found 0: 
2025-10-12T12:33:32.604077+00:00 DEBUG 'ansible_navigator.main' Looking in /home/rodolfo/ansible/ansible-navigator
2025-10-12T12:33:32.604084+00:00 DEBUG 'ansible_navigator.main' Looking for '/home/rodolfo/ansible/ansible-navigator.yml', '/home/rodolfo/ansible/ansible-navigator.yaml' and '/home/rodolfo/ansible/ansible-navigator.json'
2025-10-12T12:33:32.604092+00:00 DEBUG 'ansible_navigator.main' Found 1: '/home/rodolfo/ansible/ansible-navigator.yml'
2025-10-12T12:33:32.604099+00:00 DEBUG 'ansible_navigator.main' All found 1: '/home/rodolfo/ansible/ansible-navigator.yml'
2025-10-12T12:33:32.604107+00:00 DEBUG 'ansible_navigator.main' Using: /home/rodolfo/ansible/ansible-navigator.yml
2025-10-12T12:33:32.604114+00:00 DEBUG 'ansible_navigator.main' Using settings file at /home/rodolfo/ansible/ansible-navigator.yml in search path
2025-10-12T12:33:32.604122+00:00 DEBUG 'ansible_navigator.main' Command provided: 'timesync.yml -m stdout'
2025-10-12T12:33:32.604129+00:00 DEBUG 'ansible_navigator.main' ansible-navigator.ansible-runner.artifact-dir not found in settings file
2025-10-12T12:33:32.604136+00:00 DEBUG 'ansible_navigator.main' ansible-navigator.ansible-runner.rotate-artifacts-count not found in settings file
2025-10-12T12:33:32.604144+00:00 DEBUG 'ansible_navigator.main' ansible-navigator.ansible-runner.timeout not found in settings file
2025-10-12T12:33:32.604151+00:00 DEBUG 'ansible_navigator.main' ansible-navigator.ansible-runner.job-events not found in settings file
2025-10-12T12:33:32.604158+00:00 DEBUG 'ansible_navigator.main' ansible-navigator.app not found in settings file
2025-10-12T12:33:32.604165+00:00 DEBUG 'ansible_navigator.main' ansible-navigator.ansible.cmdline not found in settings file
2025-10-12T12:33:32.604172+00:00 DEBUG 'ansible_navigator.main' ansible-navigator.collection-doc-cache-path not found in settings file
2025-10-12T12:33:32.604179+00:00 DEBUG 'ansible_navigator.main' ansible-navigator.ansible.config.path not found in settings file
2025-10-12T12:33:32.604186+00:00 DEBUG 'ansible_navigator.main' ansible-navigator.execution-environment.container-engine not found in settings file
2025-10-12T12:33:32.604193+00:00 DEBUG 'ansible_navigator.main' ansible-navigator.execution-environment.container-options not found in settings file
2025-10-12T12:33:32.604203+00:00 DEBUG 'ansible_navigator.main' ansible-navigator.color.enable not found in settings file
2025-10-12T12:33:32.604210+00:00 DEBUG 'ansible_navigator.main' ansible-navigator.editor.command not found in settings file
2025-10-12T12:33:32.604217+00:00 DEBUG 'ansible_navigator.main' ansible-navigator.editor.console not found in settings file
2025-10-12T12:33:32.604224+00:00 DEBUG 'ansible_navigator.main' ansible-navigator.enable-prompts not found in settings file
2025-10-12T12:33:32.604231+00:00 DEBUG 'ansible_navigator.main' ansible-navigator.exec.command not found in settings file
2025-10-12T12:33:32.604238+00:00 DEBUG 'ansible_navigator.main' ansible-navigator.exec.shell not found in settings file
2025-10-12T12:33:32.604245+00:00 DEBUG 'ansible_navigator.main' ansible-navigator.execution-environment.enabled not found in settings file
2025-10-12T12:33:32.604252+00:00 DEBUG 'ansible_navigator.main' ansible-navigator.execution-environment.volume-mounts not found in settings file
2025-10-12T12:33:32.604259+00:00 DEBUG 'ansible_navigator.main' ansible-navigator.format not found in settings file
2025-10-12T12:33:32.604267+00:00 DEBUG 'ansible_navigator.main' ansible-navigator.ansible-builder.help not found in settings file
2025-10-12T12:33:32.604274+00:00 DEBUG 'ansible_navigator.main' ansible-navigator.ansible.config.help not found in settings file
2025-10-12T12:33:32.604281+00:00 DEBUG 'ansible_navigator.main' ansible-navigator.ansible.doc.help not found in settings file
2025-10-12T12:33:32.604288+00:00 DEBUG 'ansible_navigator.main' ansible-navigator.ansible.inventory.help not found in settings file
2025-10-12T12:33:32.604296+00:00 DEBUG 'ansible_navigator.main' ansible-navigator.ansible.playbook.help not found in settings file
2025-10-12T12:33:32.604303+00:00 DEBUG 'ansible_navigator.main' ansible-navigator.images.details not found in settings file
2025-10-12T12:33:32.604310+00:00 DEBUG 'ansible_navigator.main' ansible-navigator.ansible.inventory.entries not found in settings file
2025-10-12T12:33:32.604322+00:00 DEBUG 'ansible_navigator.main' ansible-navigator.inventory-columns not found in settings file
2025-10-12T12:33:32.604332+00:00 DEBUG 'ansible_navigator.main' ansible-navigator.ansible-lint.config not found in settings file
2025-10-12T12:33:32.604339+00:00 DEBUG 'ansible_navigator.main' ansible-navigator.ansible-lint.lintables not found in settings file
2025-10-12T12:33:32.604347+00:00 DEBUG 'ansible_navigator.main' ansible-navigator.logging.append not found in settings file
2025-10-12T12:33:32.604354+00:00 DEBUG 'ansible_navigator.main' ansible-navigator.logging.file not found in settings file
2025-10-12T12:33:32.604361+00:00 DEBUG 'ansible_navigator.main' ansible-navigator.logging.level not found in settings file
2025-10-12T12:33:32.604368+00:00 DEBUG 'ansible_navigator.main' ansible-navigator.mode not found in settings file
2025-10-12T12:33:32.604375+00:00 DEBUG 'ansible_navigator.main' ansible-navigator.color.osc4 not found in settings file
2025-10-12T12:33:32.604383+00:00 DEBUG 'ansible_navigator.main' ansible-navigator.execution-environment.environment-variables.pass not found in settings file
2025-10-12T12:33:32.604390+00:00 DEBUG 'ansible_navigator.main' ansible-navigator.ansible.playbook.path not found in settings file
2025-10-12T12:33:32.604397+00:00 DEBUG 'ansible_navigator.main' ansible-navigator.playbook-artifact.replay not found in settings file
2025-10-12T12:33:32.604404+00:00 DEBUG 'ansible_navigator.main' ansible-navigator.playbook-artifact.save-as not found in settings file
2025-10-12T12:33:32.604411+00:00 DEBUG 'ansible_navigator.main' ansible-navigator.ansible.doc.plugin.name not found in settings file
2025-10-12T12:33:32.604418+00:00 DEBUG 'ansible_navigator.main' ansible-navigator.ansible.doc.plugin.type not found in settings file
2025-10-12T12:33:32.604425+00:00 DEBUG 'ansible_navigator.main' ansible-navigator.execution-environment.pull.arguments not found in settings file
2025-10-12T12:33:32.604442+00:00 DEBUG 'ansible_navigator.main' ansible-navigator.execution-environment.environment-variables.set not found in settings file
2025-10-12T12:33:32.604449+00:00 DEBUG 'ansible_navigator.main' ansible-navigator.settings.effective not found in settings file
2025-10-12T12:33:32.604456+00:00 DEBUG 'ansible_navigator.main' ansible-navigator.settings.sample not found in settings file
2025-10-12T12:33:32.604464+00:00 DEBUG 'ansible_navigator.main' ansible-navigator.settings.schema not found in settings file
2025-10-12T12:33:32.604471+00:00 DEBUG 'ansible_navigator.main' ansible-navigator.settings.sources not found in settings file
2025-10-12T12:33:32.604478+00:00 DEBUG 'ansible_navigator.main' ansible-navigator.time-zone not found in settings file
2025-10-12T12:33:32.604486+00:00 DEBUG 'ansible_navigator.main' ansible-navigator.ansible-builder.workdir not found in settings file
2025-10-12T12:33:32.604494+00:00 WARNING 'ansible_navigator.main' Configuration errors encountered, rolling back to previous configuration.
2025-10-12T12:33:32.604502+00:00 DEBUG 'ansible_navigator.main' Prior to rollback: ansible_runner_artifact_dir = 'Not set' (Constants/Not set)
2025-10-12T12:33:32.604509+00:00 DEBUG 'ansible_navigator.main' Prior to rollback: ansible_runner_rotate_artifacts_count = 'Not set' (Constants/Not set)
2025-10-12T12:33:32.604516+00:00 DEBUG 'ansible_navigator.main' Prior to rollback: ansible_runner_timeout = 'Not set' (Constants/Not set)
2025-10-12T12:33:32.604523+00:00 DEBUG 'ansible_navigator.main' Prior to rollback: ansible_runner_write_job_events = 'False' (bool/Defaults)
2025-10-12T12:33:32.604531+00:00 DEBUG 'ansible_navigator.main' Prior to rollback: app = 'welcome' (str/Defaults)
2025-10-12T12:33:32.604538+00:00 DEBUG 'ansible_navigator.main' Prior to rollback: cmdline = '['timesync.yml', '-m', 'stdout']' (list/Command line)
2025-10-12T12:33:32.604545+00:00 DEBUG 'ansible_navigator.main' Prior to rollback: collection_doc_cache_path = '/home/rodolfo/.cache/ansible-navigator/collection_doc_cache.db' (str/Defaults)
2025-10-12T12:33:32.604552+00:00 DEBUG 'ansible_navigator.main' Prior to rollback: config = 'Not set' (Constants/Not set)
2025-10-12T12:33:32.604559+00:00 DEBUG 'ansible_navigator.main' Prior to rollback: container_engine = 'auto' (str/Defaults)
2025-10-12T12:33:32.604566+00:00 DEBUG 'ansible_navigator.main' Prior to rollback: container_options = 'Not set' (Constants/Not set)
2025-10-12T12:33:32.604573+00:00 DEBUG 'ansible_navigator.main' Prior to rollback: display_color = 'True' (bool/Defaults)
2025-10-12T12:33:32.604580+00:00 DEBUG 'ansible_navigator.main' Prior to rollback: editor_command = 'vi +{line_number} {filename}' (str/Defaults)
2025-10-12T12:33:32.604587+00:00 DEBUG 'ansible_navigator.main' Prior to rollback: editor_console = 'True' (bool/Defaults)
2025-10-12T12:33:32.604594+00:00 DEBUG 'ansible_navigator.main' Prior to rollback: enable_prompts = 'False' (bool/Defaults)
2025-10-12T12:33:32.604601+00:00 DEBUG 'ansible_navigator.main' Prior to rollback: exec_command = '/bin/bash' (str/Defaults)
2025-10-12T12:33:32.604608+00:00 DEBUG 'ansible_navigator.main' Prior to rollback: exec_shell = 'True' (bool/Defaults)
2025-10-12T12:33:32.604615+00:00 DEBUG 'ansible_navigator.main' Prior to rollback: execution_environment = 'True' (bool/Defaults)
2025-10-12T12:33:32.604623+00:00 DEBUG 'ansible_navigator.main' Prior to rollback: execution_environment_image = 'registry.redhat.io/ansible-automation-platform-25/ee-supported-rhel8:latest' (str/Settings file)
2025-10-12T12:33:32.604630+00:00 DEBUG 'ansible_navigator.main' Prior to rollback: execution_environment_volume_mounts = 'Not set' (Constants/Not set)
2025-10-12T12:33:32.604637+00:00 DEBUG 'ansible_navigator.main' Prior to rollback: format = 'yaml' (str/Defaults)
2025-10-12T12:33:32.604644+00:00 DEBUG 'ansible_navigator.main' Prior to rollback: help_builder = 'False' (bool/Defaults)
2025-10-12T12:33:32.604651+00:00 DEBUG 'ansible_navigator.main' Prior to rollback: help_config = 'False' (bool/Defaults)
2025-10-12T12:33:32.604658+00:00 DEBUG 'ansible_navigator.main' Prior to rollback: help_doc = 'False' (bool/Defaults)
2025-10-12T12:33:32.604666+00:00 DEBUG 'ansible_navigator.main' Prior to rollback: help_inventory = 'False' (bool/Defaults)
2025-10-12T12:33:32.604673+00:00 DEBUG 'ansible_navigator.main' Prior to rollback: help_playbook = 'False' (bool/Defaults)
2025-10-12T12:33:32.604680+00:00 DEBUG 'ansible_navigator.main' Prior to rollback: images_details = '['everything']' (list/Defaults)
2025-10-12T12:33:32.604687+00:00 DEBUG 'ansible_navigator.main' Prior to rollback: inventory = 'Not set' (Constants/Not set)
2025-10-12T12:33:32.604695+00:00 DEBUG 'ansible_navigator.main' Prior to rollback: inventory_column = 'Not set' (Constants/Not set)
2025-10-12T12:33:32.604702+00:00 DEBUG 'ansible_navigator.main' Prior to rollback: lint_config = 'Not set' (Constants/Not set)
2025-10-12T12:33:32.604709+00:00 DEBUG 'ansible_navigator.main' Prior to rollback: lintables = 'Not set' (Constants/Not set)
2025-10-12T12:33:32.604716+00:00 DEBUG 'ansible_navigator.main' Prior to rollback: log_append = 'True' (bool/Defaults)
2025-10-12T12:33:32.604722+00:00 DEBUG 'ansible_navigator.main' Prior to rollback: log_file = '/home/rodolfo/ansible/ansible-navigator.log' (str/Defaults)
2025-10-12T12:33:32.604729+00:00 DEBUG 'ansible_navigator.main' Prior to rollback: log_level = 'warning' (str/Defaults)
2025-10-12T12:33:32.604737+00:00 DEBUG 'ansible_navigator.main' Prior to rollback: mode = 'interactive' (str/Defaults)
2025-10-12T12:33:32.604744+00:00 DEBUG 'ansible_navigator.main' Prior to rollback: osc4 = 'True' (bool/Defaults)
2025-10-12T12:33:32.604751+00:00 DEBUG 'ansible_navigator.main' Prior to rollback: pass_environment_variable = 'Not set' (Constants/Not set)
2025-10-12T12:33:32.604758+00:00 DEBUG 'ansible_navigator.main' Prior to rollback: playbook = 'Not set' (Constants/Not set)
2025-10-12T12:33:32.604765+00:00 DEBUG 'ansible_navigator.main' Prior to rollback: playbook_artifact_enable = 'False' (bool/Settings file)
2025-10-12T12:33:32.604772+00:00 DEBUG 'ansible_navigator.main' Prior to rollback: playbook_artifact_replay = 'Not set' (Constants/Not set)
2025-10-12T12:33:32.604779+00:00 DEBUG 'ansible_navigator.main' Prior to rollback: playbook_artifact_save_as = '{playbook_dir}/{playbook_name}-artifact-{time_stamp}.json' (str/Defaults)
2025-10-12T12:33:32.604786+00:00 DEBUG 'ansible_navigator.main' Prior to rollback: plugin_name = 'Not set' (Constants/Not set)
2025-10-12T12:33:32.604794+00:00 DEBUG 'ansible_navigator.main' Prior to rollback: plugin_type = 'module' (str/Defaults)
2025-10-12T12:33:32.604800+00:00 DEBUG 'ansible_navigator.main' Prior to rollback: pull_arguments = 'Not set' (Constants/Not set)
2025-10-12T12:33:32.604808+00:00 DEBUG 'ansible_navigator.main' Prior to rollback: pull_policy = 'missing' (str/Settings file)
2025-10-12T12:33:32.604815+00:00 DEBUG 'ansible_navigator.main' Prior to rollback: set_environment_variable = 'Not set' (Constants/Not set)
2025-10-12T12:33:32.604822+00:00 DEBUG 'ansible_navigator.main' Prior to rollback: settings_effective = 'False' (bool/Defaults)
2025-10-12T12:33:32.604830+00:00 DEBUG 'ansible_navigator.main' Prior to rollback: settings_sample = 'False' (bool/Defaults)
2025-10-12T12:33:32.604837+00:00 DEBUG 'ansible_navigator.main' Prior to rollback: settings_schema = 'json' (str/Defaults)
2025-10-12T12:33:32.604844+00:00 DEBUG 'ansible_navigator.main' Prior to rollback: settings_sources = 'False' (bool/Defaults)
2025-10-12T12:33:32.604851+00:00 DEBUG 'ansible_navigator.main' Prior to rollback: time_zone = 'UTC' (str/Defaults)
2025-10-12T12:33:32.604858+00:00 DEBUG 'ansible_navigator.main' Prior to rollback: workdir = '/home/rodolfo/ansible' (str/Defaults)
2025-10-12T12:33:32.604865+00:00 DEBUG 'ansible_navigator.main' After rollback: ansible_runner_artifact_dir = 'Not set' (Constants/Not set)
2025-10-12T12:33:32.604872+00:00 DEBUG 'ansible_navigator.main' After rollback: ansible_runner_rotate_artifacts_count = 'Not set' (Constants/Not set)
2025-10-12T12:33:32.604880+00:00 DEBUG 'ansible_navigator.main' After rollback: ansible_runner_timeout = 'Not set' (Constants/Not set)
2025-10-12T12:33:32.604888+00:00 DEBUG 'ansible_navigator.main' After rollback: ansible_runner_write_job_events = 'Not set' (Constants/Not set)
2025-10-12T12:33:32.604896+00:00 DEBUG 'ansible_navigator.main' After rollback: app = 'Not set' (Constants/Not set)
2025-10-12T12:33:32.604903+00:00 DEBUG 'ansible_navigator.main' After rollback: cmdline = 'Not set' (Constants/Not set)
2025-10-12T12:33:32.604910+00:00 DEBUG 'ansible_navigator.main' After rollback: collection_doc_cache_path = 'Not set' (Constants/Not set)
2025-10-12T12:33:32.604917+00:00 DEBUG 'ansible_navigator.main' After rollback: config = 'Not set' (Constants/Not set)
2025-10-12T12:33:32.604924+00:00 DEBUG 'ansible_navigator.main' After rollback: container_engine = 'Not set' (Constants/Not set)
2025-10-12T12:33:32.604931+00:00 DEBUG 'ansible_navigator.main' After rollback: container_options = 'Not set' (Constants/Not set)
2025-10-12T12:33:32.604938+00:00 DEBUG 'ansible_navigator.main' After rollback: display_color = 'Not set' (Constants/Not set)
2025-10-12T12:33:32.604945+00:00 DEBUG 'ansible_navigator.main' After rollback: editor_command = 'Not set' (Constants/Not set)
2025-10-12T12:33:32.604952+00:00 DEBUG 'ansible_navigator.main' After rollback: editor_console = 'Not set' (Constants/Not set)
2025-10-12T12:33:32.604960+00:00 DEBUG 'ansible_navigator.main' After rollback: enable_prompts = 'Not set' (Constants/Not set)
2025-10-12T12:33:32.604967+00:00 DEBUG 'ansible_navigator.main' After rollback: exec_command = 'Not set' (Constants/Not set)
2025-10-12T12:33:32.604974+00:00 DEBUG 'ansible_navigator.main' After rollback: exec_shell = 'Not set' (Constants/Not set)
2025-10-12T12:33:32.604981+00:00 DEBUG 'ansible_navigator.main' After rollback: execution_environment = 'Not set' (Constants/Not set)
2025-10-12T12:33:32.604988+00:00 DEBUG 'ansible_navigator.main' After rollback: execution_environment_image = 'Not set' (Constants/Not set)
2025-10-12T12:33:32.604995+00:00 DEBUG 'ansible_navigator.main' After rollback: execution_environment_volume_mounts = 'Not set' (Constants/Not set)
2025-10-12T12:33:32.605003+00:00 DEBUG 'ansible_navigator.main' After rollback: format = 'Not set' (Constants/Not set)
2025-10-12T12:33:32.605010+00:00 DEBUG 'ansible_navigator.main' After rollback: help_builder = 'Not set' (Constants/Not set)
2025-10-12T12:33:32.605017+00:00 DEBUG 'ansible_navigator.main' After rollback: help_config = 'Not set' (Constants/Not set)
2025-10-12T12:33:32.605025+00:00 DEBUG 'ansible_navigator.main' After rollback: help_doc = 'Not set' (Constants/Not set)
2025-10-12T12:33:32.605032+00:00 DEBUG 'ansible_navigator.main' After rollback: help_inventory = 'Not set' (Constants/Not set)
2025-10-12T12:33:32.605039+00:00 DEBUG 'ansible_navigator.main' After rollback: help_playbook = 'Not set' (Constants/Not set)
2025-10-12T12:33:32.605046+00:00 DEBUG 'ansible_navigator.main' After rollback: images_details = 'Not set' (Constants/Not set)
2025-10-12T12:33:32.605053+00:00 DEBUG 'ansible_navigator.main' After rollback: inventory = 'Not set' (Constants/Not set)
2025-10-12T12:33:32.605060+00:00 DEBUG 'ansible_navigator.main' After rollback: inventory_column = 'Not set' (Constants/Not set)
2025-10-12T12:33:32.605067+00:00 DEBUG 'ansible_navigator.main' After rollback: lint_config = 'Not set' (Constants/Not set)
2025-10-12T12:33:32.605074+00:00 DEBUG 'ansible_navigator.main' After rollback: lintables = 'Not set' (Constants/Not set)
2025-10-12T12:33:32.605081+00:00 DEBUG 'ansible_navigator.main' After rollback: log_append = 'Not set' (Constants/Not set)
2025-10-12T12:33:32.605088+00:00 DEBUG 'ansible_navigator.main' After rollback: log_file = 'Not set' (Constants/Not set)
2025-10-12T12:33:32.605095+00:00 DEBUG 'ansible_navigator.main' After rollback: log_level = 'Not set' (Constants/Not set)
2025-10-12T12:33:32.605103+00:00 DEBUG 'ansible_navigator.main' After rollback: mode = 'Not set' (Constants/Not set)
2025-10-12T12:33:32.605110+00:00 DEBUG 'ansible_navigator.main' After rollback: osc4 = 'Not set' (Constants/Not set)
2025-10-12T12:33:32.605119+00:00 DEBUG 'ansible_navigator.main' After rollback: pass_environment_variable = 'Not set' (Constants/Not set)
2025-10-12T12:33:32.605126+00:00 DEBUG 'ansible_navigator.main' After rollback: playbook = 'Not set' (Constants/Not set)
2025-10-12T12:33:32.605133+00:00 DEBUG 'ansible_navigator.main' After rollback: playbook_artifact_enable = 'Not set' (Constants/Not set)
2025-10-12T12:33:32.605140+00:00 DEBUG 'ansible_navigator.main' After rollback: playbook_artifact_replay = 'Not set' (Constants/Not set)
2025-10-12T12:33:32.605147+00:00 DEBUG 'ansible_navigator.main' After rollback: playbook_artifact_save_as = 'Not set' (Constants/Not set)
2025-10-12T12:33:32.605155+00:00 DEBUG 'ansible_navigator.main' After rollback: plugin_name = 'Not set' (Constants/Not set)
2025-10-12T12:33:32.605161+00:00 DEBUG 'ansible_navigator.main' After rollback: plugin_type = 'Not set' (Constants/Not set)
2025-10-12T12:33:32.605168+00:00 DEBUG 'ansible_navigator.main' After rollback: pull_arguments = 'Not set' (Constants/Not set)
2025-10-12T12:33:32.605175+00:00 DEBUG 'ansible_navigator.main' After rollback: pull_policy = 'Not set' (Constants/Not set)
2025-10-12T12:33:32.605182+00:00 DEBUG 'ansible_navigator.main' After rollback: set_environment_variable = 'Not set' (Constants/Not set)
2025-10-12T12:33:32.605189+00:00 DEBUG 'ansible_navigator.main' After rollback: settings_effective = 'Not set' (Constants/Not set)
2025-10-12T12:33:32.605196+00:00 DEBUG 'ansible_navigator.main' After rollback: settings_sample = 'Not set' (Constants/Not set)
2025-10-12T12:33:32.605203+00:00 DEBUG 'ansible_navigator.main' After rollback: settings_schema = 'Not set' (Constants/Not set)
2025-10-12T12:33:32.605210+00:00 DEBUG 'ansible_navigator.main' After rollback: settings_sources = 'Not set' (Constants/Not set)
2025-10-12T12:33:32.605217+00:00 DEBUG 'ansible_navigator.main' After rollback: time_zone = 'Not set' (Constants/Not set)
2025-10-12T12:33:32.605224+00:00 DEBUG 'ansible_navigator.main' After rollback: workdir = 'Not set' (Constants/Not set)
2025-10-12T12:33:32.605231+00:00 DEBUG 'ansible_navigator.main' Configuration rollback complete.
2025-10-12T12:33:32.605238+00:00 DEBUG 'ansible_navigator.main' Collection doc cache not mounted
2025-10-12T12:33:32.605255+00:00 WARNING 'ansible_navigator.main' Issues were found while applying the settings.
2025-10-12T12:33:32.605265+00:00 INFO 'ansible_navigator.main' Command provided: 'timesync.yml -m stdout'
2025-10-12T12:33:32.605274+00:00 ERROR 'ansible_navigator.main' argument {subcommand} --help: invalid choice: 'timesync.yml' (choose from builder, collections, config, doc, exec, images, inventory, lint, replay, run, settings, welcome)
2025-10-12T12:33:32.605282+00:00 INFO 'ansible_navigator.main' Configuration failed, using default log file location. (/home/rodolfo/ansible/ansible-navigator.log) Log level set to debug
2025-10-12T12:33:32.605290+00:00 INFO 'ansible_navigator.main' Review the hints and log file to see what went wrong.
